Generated at 2020-01-22 16:38:15 +0000
Chef::Exceptions::ValidationFailed: Option action must be equal to one of: :nothing, :create, :remove, :modify, :manage, :lock, :unlock!  You passed :install.
/opt/chef-workstation/embedded/lib/ruby/gems/2.6.0/gems/chef-15.6.10/lib/chef/mixin/params_validate.rb:180:in `_pv_equal_to'
/opt/chef-workstation/embedded/lib/ruby/gems/2.6.0/gems/chef-15.6.10/lib/chef/mixin/params_validate.rb:113:in `block (2 levels) in validate'
/opt/chef-workstation/embedded/lib/ruby/gems/2.6.0/gems/chef-15.6.10/lib/chef/mixin/params_validate.rb:110:in `each'
/opt/chef-workstation/embedded/lib/ruby/gems/2.6.0/gems/chef-15.6.10/lib/chef/mixin/params_validate.rb:110:in `block in validate'
/opt/chef-workstation/embedded/lib/ruby/gems/2.6.0/gems/chef-15.6.10/lib/chef/mixin/params_validate.rb:98:in `each'
/opt/chef-workstation/embedded/lib/ruby/gems/2.6.0/gems/chef-15.6.10/lib/chef/mixin/params_validate.rb:98:in `validate'
/opt/chef-workstation/embedded/lib/ruby/gems/2.6.0/gems/chef-15.6.10/lib/chef/resource.rb:157:in `block in action'
/opt/chef-workstation/embedded/lib/ruby/gems/2.6.0/gems/chef-15.6.10/lib/chef/resource.rb:156:in `each'
/opt/chef-workstation/embedded/lib/ruby/gems/2.6.0/gems/chef-15.6.10/lib/chef/resource.rb:156:in `action'
/home/ec2-user/chef-repo/.chef/local-mode-cache/cache/cookbooks/apache-cookbook/recipes/exact-recipe.rb:20:in `block (2 levels) in from_file'
/opt/chef-workstation/embedded/lib/ruby/gems/2.6.0/gems/chef-15.6.10/lib/chef/resource_builder.rb:67:in `instance_eval'
/opt/chef-workstation/embedded/lib/ruby/gems/2.6.0/gems/chef-15.6.10/lib/chef/resource_builder.rb:67:in `build'
/opt/chef-workstation/embedded/lib/ruby/gems/2.6.0/gems/chef-15.6.10/lib/chef/dsl/declare_resource.rb:316:in `build_resource'
/opt/chef-workstation/embedded/lib/ruby/gems/2.6.0/gems/chef-15.6.10/lib/chef/dsl/declare_resource.rb:273:in `declare_resource'
/opt/chef-workstation/embedded/lib/ruby/gems/2.6.0/gems/chef-15.6.10/lib/chef/dsl/resources.rb:36:in `user'
/home/ec2-user/chef-repo/.chef/local-mode-cache/cache/cookbooks/apache-cookbook/recipes/exact-recipe.rb:19:in `block in from_file'
/home/ec2-user/chef-repo/.chef/local-mode-cache/cache/cookbooks/apache-cookbook/recipes/exact-recipe.rb:18:in `each'
/home/ec2-user/chef-repo/.chef/local-mode-cache/cache/cookbooks/apache-cookbook/recipes/exact-recipe.rb:18:in `from_file'
/opt/chef-workstation/embedded/lib/ruby/gems/2.6.0/gems/chef-15.6.10/lib/chef/mixin/from_file.rb:34:in `instance_eval'
/opt/chef-workstation/embedded/lib/ruby/gems/2.6.0/gems/chef-15.6.10/lib/chef/mixin/from_file.rb:34:in `from_file'
/opt/chef-workstation/embedded/lib/ruby/gems/2.6.0/gems/chef-15.6.10/lib/chef/cookbook_version.rb:199:in `load_recipe'
/opt/chef-workstation/embedded/lib/ruby/gems/2.6.0/gems/chef-15.6.10/lib/chef/run_context.rb:393:in `load_recipe'
/opt/chef-workstation/embedded/lib/ruby/gems/2.6.0/gems/chef-15.6.10/lib/chef/run_context/cookbook_compiler.rb:166:in `block in compile_recipes'
/opt/chef-workstation/embedded/lib/ruby/gems/2.6.0/gems/chef-15.6.10/lib/chef/run_context/cookbook_compiler.rb:163:in `each'
/opt/chef-workstation/embedded/lib/ruby/gems/2.6.0/gems/chef-15.6.10/lib/chef/run_context/cookbook_compiler.rb:163:in `compile_recipes'
/opt/chef-workstation/embedded/lib/ruby/gems/2.6.0/gems/chef-15.6.10/lib/chef/run_context/cookbook_compiler.rb:79:in `compile'
/opt/chef-workstation/embedded/lib/ruby/gems/2.6.0/gems/chef-15.6.10/lib/chef/run_context.rb:223:in `load'
/opt/chef-workstation/embedded/lib/ruby/gems/2.6.0/gems/chef-15.6.10/lib/chef/policy_builder/expand_node_object.rb:103:in `setup_run_context'
/opt/chef-workstation/embedded/lib/ruby/2.6.0/forwardable.rb:230:in `setup_run_context'
/opt/chef-workstation/embedded/lib/ruby/gems/2.6.0/gems/chef-15.6.10/lib/chef/client.rb:487:in `setup_run_context'
/opt/chef-workstation/embedded/lib/ruby/gems/2.6.0/gems/chef-15.6.10/lib/chef/client.rb:284:in `run'
/opt/chef-workstation/embedded/lib/ruby/gems/2.6.0/gems/chef-15.6.10/lib/chef/application.rb:320:in `run_with_graceful_exit_option'
/opt/chef-workstation/embedded/lib/ruby/gems/2.6.0/gems/chef-15.6.10/lib/chef/application.rb:296:in `block in run_chef_client'
/opt/chef-workstation/embedded/lib/ruby/gems/2.6.0/gems/chef-15.6.10/lib/chef/local_mode.rb:42:in `with_server_connectivity'
/opt/chef-workstation/embedded/lib/ruby/gems/2.6.0/gems/chef-15.6.10/lib/chef/application.rb:279:in `run_chef_client'
/opt/chef-workstation/embedded/lib/ruby/gems/2.6.0/gems/chef-15.6.10/lib/chef/application/base.rb:330:in `run_application'
/opt/chef-workstation/embedded/lib/ruby/gems/2.6.0/gems/chef-15.6.10/lib/chef/application.rb:69:in `run'
/opt/chef-workstation/embedded/lib/ruby/gems/2.6.0/gems/chef-bin-15.6.10/bin/chef-client:25:in `<top (required)>'
/bin/chef-client:362:in `load'
/bin/chef-client:362:in `<main>'